2025-07-05 11:37:58,459 - INFO - Starting auto ingester monitor...
2025-07-05 11:37:58,459 - INFO - Poll interval: 900 seconds
2025-07-05 11:37:58,459 - INFO - ============================================================
2025-07-05 11:37:58,459 - INFO - Starting monitoring cycle
2025-07-05 11:37:58,460 - INFO - 🔒 Forex market is closed (weekend). Skipping cycle.
2025-07-05 11:37:58,460 - INFO - 
Sleeping for 900 seconds until next check...
2025-07-05 11:52:58,449 - INFO - ============================================================
2025-07-05 11:52:58,453 - INFO - Starting monitoring cycle
2025-07-05 11:52:58,455 - INFO - 🔒 Forex market is closed (weekend). Skipping cycle.
2025-07-05 11:52:58,456 - INFO - 
Sleeping for 900 seconds until next check...
2025-07-05 12:07:58,495 - INFO - ============================================================
2025-07-05 12:07:58,501 - INFO - Starting monitoring cycle
2025-07-05 12:07:58,502 - INFO - 🔒 Forex market is closed (weekend). Skipping cycle.
2025-07-05 12:07:58,502 - INFO - 
Sleeping for 900 seconds until next check...
2025-07-05 12:22:58,509 - INFO - ============================================================
2025-07-05 12:22:58,514 - INFO - Starting monitoring cycle
2025-07-05 12:22:58,515 - INFO - 🔒 Forex market is closed (weekend). Skipping cycle.
2025-07-05 12:22:58,515 - INFO - 
Sleeping for 900 seconds until next check...
2025-07-05 12:37:58,560 - INFO - ============================================================
2025-07-05 12:37:58,570 - INFO - Starting monitoring cycle
2025-07-05 12:37:58,571 - INFO - 🔒 Forex market is closed (weekend). Skipping cycle.
2025-07-05 12:37:58,571 - INFO - 
Sleeping for 900 seconds until next check...
2025-07-05 12:52:58,615 - INFO - ============================================================
2025-07-05 12:52:58,623 - INFO - Starting monitoring cycle
2025-07-05 12:52:58,626 - INFO - 🔒 Forex market is closed (weekend). Skipping cycle.
2025-07-05 12:52:58,626 - INFO - 
Sleeping for 900 seconds until next check...
2025-07-05 13:07:58,647 - INFO - ============================================================
2025-07-05 13:07:58,652 - INFO - Starting monitoring cycle
2025-07-05 13:07:58,653 - INFO - 🔒 Forex market is closed (weekend). Skipping cycle.
2025-07-05 13:07:58,653 - INFO - 
Sleeping for 900 seconds until next check...
2025-07-05 13:22:58,688 - INFO - ============================================================
2025-07-05 13:22:58,696 - INFO - Starting monitoring cycle
2025-07-05 13:22:58,697 - INFO - 🔒 Forex market is closed (weekend). Skipping cycle.
2025-07-05 13:22:58,697 - INFO - 
Sleeping for 900 seconds until next check...
2025-07-05 13:37:58,681 - INFO - ============================================================
2025-07-05 13:37:58,686 - INFO - Starting monitoring cycle
2025-07-05 13:37:58,687 - INFO - 🔒 Forex market is closed (weekend). Skipping cycle.
2025-07-05 13:37:58,688 - INFO - 
Sleeping for 900 seconds until next check...
2025-07-05 13:52:58,710 - INFO - ============================================================
2025-07-05 13:52:58,719 - INFO - Starting monitoring cycle
2025-07-05 13:52:58,720 - INFO - 🔒 Forex market is closed (weekend). Skipping cycle.
2025-07-05 13:52:58,721 - INFO - 
Sleeping for 900 seconds until next check...
2025-07-05 14:07:58,720 - INFO - ============================================================
2025-07-05 14:07:58,729 - INFO - Starting monitoring cycle
2025-07-05 14:07:58,732 - INFO - 🔒 Forex market is closed (weekend). Skipping cycle.
2025-07-05 14:07:58,732 - INFO - 
Sleeping for 900 seconds until next check...
2025-07-05 14:22:58,745 - INFO - ============================================================
2025-07-05 14:22:58,749 - INFO - Starting monitoring cycle
2025-07-05 14:22:58,751 - INFO - 🔒 Forex market is closed (weekend). Skipping cycle.
2025-07-05 14:22:58,751 - INFO - 
Sleeping for 900 seconds until next check...
2025-07-05 14:37:58,768 - INFO - ============================================================
2025-07-05 14:37:58,777 - INFO - Starting monitoring cycle
2025-07-05 14:37:58,779 - INFO - 🔒 Forex market is closed (weekend). Skipping cycle.
2025-07-05 14:37:58,779 - INFO - 
Sleeping for 900 seconds until next check...
2025-07-05 14:52:58,846 - INFO - ============================================================
2025-07-05 14:52:58,855 - INFO - Starting monitoring cycle
2025-07-05 14:52:58,857 - INFO - 🔒 Forex market is closed (weekend). Skipping cycle.
2025-07-05 14:52:58,858 - INFO - 
Sleeping for 900 seconds until next check...
2025-07-05 15:07:58,884 - INFO - ============================================================
2025-07-05 15:07:58,892 - INFO - Starting monitoring cycle
2025-07-05 15:07:58,893 - INFO - 🔒 Forex market is closed (weekend). Skipping cycle.
2025-07-05 15:07:58,894 - INFO - 
Sleeping for 900 seconds until next check...
2025-07-05 15:22:58,935 - INFO - ============================================================
2025-07-05 15:22:58,945 - INFO - Starting monitoring cycle
2025-07-05 15:22:58,946 - INFO - 🔒 Forex market is closed (weekend). Skipping cycle.
2025-07-05 15:22:58,946 - INFO - 
Sleeping for 900 seconds until next check...
2025-07-05 15:37:58,944 - INFO - ============================================================
2025-07-05 15:37:58,951 - INFO - Starting monitoring cycle
2025-07-05 15:37:58,954 - INFO - 🔒 Forex market is closed (weekend). Skipping cycle.
2025-07-05 15:37:58,954 - INFO - 
Sleeping for 900 seconds until next check...
2025-07-05 15:52:58,978 - INFO - ============================================================
2025-07-05 15:52:58,986 - INFO - Starting monitoring cycle
2025-07-05 15:52:58,988 - INFO - 🔒 Forex market is closed (weekend). Skipping cycle.
2025-07-05 15:52:58,988 - INFO - 
Sleeping for 900 seconds until next check...
2025-07-05 16:07:58,985 - INFO - ============================================================
2025-07-05 16:07:58,997 - INFO - Starting monitoring cycle
2025-07-05 16:07:59,001 - INFO - 🔒 Forex market is closed (weekend). Skipping cycle.
2025-07-05 16:07:59,002 - INFO - 
Sleeping for 900 seconds until next check...
2025-07-05 16:22:59,020 - INFO - ============================================================
2025-07-05 16:22:59,029 - INFO - Starting monitoring cycle
2025-07-05 16:22:59,030 - INFO - 🔒 Forex market is closed (weekend). Skipping cycle.
2025-07-05 16:22:59,030 - INFO - 
Sleeping for 900 seconds until next check...
2025-07-05 16:37:59,064 - INFO - ============================================================
2025-07-05 16:37:59,070 - INFO - Starting monitoring cycle
2025-07-05 16:37:59,071 - INFO - 🔒 Forex market is closed (weekend). Skipping cycle.
2025-07-05 16:37:59,071 - INFO - 
Sleeping for 900 seconds until next check...
2025-07-05 16:52:59,096 - INFO - ============================================================
2025-07-05 16:52:59,106 - INFO - Starting monitoring cycle
2025-07-05 16:52:59,108 - INFO - 🔒 Forex market is closed (weekend). Skipping cycle.
2025-07-05 16:52:59,109 - INFO - 
Sleeping for 900 seconds until next check...
2025-07-05 17:07:59,127 - INFO - ============================================================
2025-07-05 17:07:59,136 - INFO - Starting monitoring cycle
2025-07-05 17:07:59,138 - INFO - 🔒 Forex market is closed (weekend). Skipping cycle.
2025-07-05 17:07:59,138 - INFO - 
Sleeping for 900 seconds until next check...
2025-07-05 17:22:59,068 - INFO - ============================================================
2025-07-05 17:22:59,075 - INFO - Starting monitoring cycle
2025-07-05 17:22:59,076 - INFO - 🔒 Forex market is closed (weekend). Skipping cycle.
2025-07-05 17:22:59,076 - INFO - 
Sleeping for 900 seconds until next check...
2025-07-05 17:37:59,137 - INFO - ============================================================
2025-07-05 17:37:59,146 - INFO - Starting monitoring cycle
2025-07-05 17:37:59,147 - INFO - 🔒 Forex market is closed (weekend). Skipping cycle.
2025-07-05 17:37:59,148 - INFO - 
Sleeping for 900 seconds until next check...
2025-07-05 17:52:59,149 - INFO - ============================================================
2025-07-05 17:52:59,152 - INFO - Starting monitoring cycle
2025-07-05 17:52:59,152 - INFO - 🔒 Forex market is closed (weekend). Skipping cycle.
2025-07-05 17:52:59,152 - INFO - 
Sleeping for 900 seconds until next check...
2025-07-05 18:07:59,170 - INFO - ============================================================
2025-07-05 18:07:59,180 - INFO - Starting monitoring cycle
2025-07-05 18:07:59,182 - INFO - 🔒 Forex market is closed (weekend). Skipping cycle.
2025-07-05 18:07:59,183 - INFO - 
Sleeping for 900 seconds until next check...
2025-07-05 18:22:59,202 - INFO - ============================================================
2025-07-05 18:22:59,220 - INFO - Starting monitoring cycle
2025-07-05 18:22:59,222 - INFO - 🔒 Forex market is closed (weekend). Skipping cycle.
2025-07-05 18:22:59,223 - INFO - 
Sleeping for 900 seconds until next check...
2025-07-05 18:37:59,232 - INFO - ============================================================
2025-07-05 18:37:59,242 - INFO - Starting monitoring cycle
2025-07-05 18:37:59,246 - INFO - 🔒 Forex market is closed (weekend). Skipping cycle.
2025-07-05 18:37:59,246 - INFO - 
Sleeping for 900 seconds until next check...
2025-07-05 18:52:59,259 - INFO - ============================================================
2025-07-05 18:52:59,268 - INFO - Starting monitoring cycle
2025-07-05 18:52:59,272 - INFO - 🔒 Forex market is closed (weekend). Skipping cycle.
2025-07-05 18:52:59,272 - INFO - 
Sleeping for 900 seconds until next check...
2025-07-05 19:07:59,296 - INFO - ============================================================
2025-07-05 19:07:59,306 - INFO - Starting monitoring cycle
2025-07-05 19:07:59,308 - INFO - 🔒 Forex market is closed (weekend). Skipping cycle.
2025-07-05 19:07:59,308 - INFO - 
Sleeping for 900 seconds until next check...
2025-07-05 19:22:59,332 - INFO - ============================================================
2025-07-05 19:22:59,339 - INFO - Starting monitoring cycle
2025-07-05 19:22:59,341 - INFO - 🔒 Forex market is closed (weekend). Skipping cycle.
2025-07-05 19:22:59,341 - INFO - 
Sleeping for 900 seconds until next check...
2025-07-05 19:37:59,359 - INFO - ============================================================
2025-07-05 19:37:59,364 - INFO - Starting monitoring cycle
2025-07-05 19:37:59,367 - INFO - 🔒 Forex market is closed (weekend). Skipping cycle.
2025-07-05 19:37:59,368 - INFO - 
Sleeping for 900 seconds until next check...
2025-07-05 19:52:59,410 - INFO - ============================================================
2025-07-05 19:52:59,417 - INFO - Starting monitoring cycle
2025-07-05 19:52:59,419 - INFO - 🔒 Forex market is closed (weekend). Skipping cycle.
2025-07-05 19:52:59,419 - INFO - 
Sleeping for 900 seconds until next check...
2025-07-05 20:07:59,433 - INFO - ============================================================
2025-07-05 20:07:59,445 - INFO - Starting monitoring cycle
2025-07-05 20:07:59,447 - INFO - 🔒 Forex market is closed (weekend). Skipping cycle.
2025-07-05 20:07:59,447 - INFO - 
Sleeping for 900 seconds until next check...
2025-07-05 20:22:59,469 - INFO - ============================================================
2025-07-05 20:22:59,477 - INFO - Starting monitoring cycle
2025-07-05 20:22:59,478 - INFO - 🔒 Forex market is closed (weekend). Skipping cycle.
2025-07-05 20:22:59,479 - INFO - 
Sleeping for 900 seconds until next check...
2025-07-05 20:37:59,515 - INFO - ============================================================
2025-07-05 20:37:59,525 - INFO - Starting monitoring cycle
2025-07-05 20:37:59,526 - INFO - 🔒 Forex market is closed (weekend). Skipping cycle.
2025-07-05 20:37:59,527 - INFO - 
Sleeping for 900 seconds until next check...
2025-07-05 20:52:59,551 - INFO - ============================================================
2025-07-05 20:52:59,560 - INFO - Starting monitoring cycle
2025-07-05 20:52:59,561 - INFO - 🔒 Forex market is closed (weekend). Skipping cycle.
2025-07-05 20:52:59,562 - INFO - 
Sleeping for 900 seconds until next check...
2025-07-05 21:07:59,567 - INFO - ============================================================
2025-07-05 21:07:59,578 - INFO - Starting monitoring cycle
2025-07-05 21:07:59,579 - INFO - 🔒 Forex market is closed (weekend). Skipping cycle.
2025-07-05 21:07:59,580 - INFO - 
Sleeping for 900 seconds until next check...
2025-07-05 21:22:59,597 - INFO - ============================================================
2025-07-05 21:22:59,604 - INFO - Starting monitoring cycle
2025-07-05 21:22:59,605 - INFO - 🔒 Forex market is closed (weekend). Skipping cycle.
2025-07-05 21:22:59,605 - INFO - 
Sleeping for 900 seconds until next check...
2025-07-05 21:37:59,607 - INFO - ============================================================
2025-07-05 21:37:59,614 - INFO - Starting monitoring cycle
2025-07-05 21:37:59,616 - INFO - 🔒 Forex market is closed (weekend). Skipping cycle.
2025-07-05 21:37:59,616 - INFO - 
Sleeping for 900 seconds until next check...
2025-07-05 21:52:59,657 - INFO - ============================================================
2025-07-05 21:52:59,663 - INFO - Starting monitoring cycle
2025-07-05 21:52:59,666 - INFO - 🔒 Forex market is closed (weekend). Skipping cycle.
2025-07-05 21:52:59,666 - INFO - 
Sleeping for 900 seconds until next check...
2025-07-05 22:07:59,687 - INFO - ============================================================
2025-07-05 22:07:59,692 - INFO - Starting monitoring cycle
2025-07-05 22:07:59,694 - INFO - 🔒 Forex market is closed (weekend). Skipping cycle.
2025-07-05 22:07:59,695 - INFO - 
Sleeping for 900 seconds until next check...
2025-07-05 22:22:59,683 - INFO - ============================================================
2025-07-05 22:22:59,689 - INFO - Starting monitoring cycle
2025-07-05 22:22:59,691 - INFO - 🔒 Forex market is closed (weekend). Skipping cycle.
2025-07-05 22:22:59,691 - INFO - 
Sleeping for 900 seconds until next check...
2025-07-05 22:37:59,704 - INFO - ============================================================
2025-07-05 22:37:59,709 - INFO - Starting monitoring cycle
2025-07-05 22:37:59,710 - INFO - 🔒 Forex market is closed (weekend). Skipping cycle.
2025-07-05 22:37:59,710 - INFO - 
Sleeping for 900 seconds until next check...
2025-07-05 22:52:59,750 - INFO - ============================================================
2025-07-05 22:52:59,757 - INFO - Starting monitoring cycle
2025-07-05 22:52:59,758 - INFO - 🔒 Forex market is closed (weekend). Skipping cycle.
2025-07-05 22:52:59,759 - INFO - 
Sleeping for 900 seconds until next check...
2025-07-05 23:07:59,768 - INFO - ============================================================
2025-07-05 23:07:59,779 - INFO - Starting monitoring cycle
2025-07-05 23:07:59,780 - INFO - 🔒 Forex market is closed (weekend). Skipping cycle.
2025-07-05 23:07:59,780 - INFO - 
Sleeping for 900 seconds until next check...
2025-07-05 23:22:59,795 - INFO - ============================================================
2025-07-05 23:22:59,799 - INFO - Starting monitoring cycle
2025-07-05 23:22:59,801 - INFO - 🔒 Forex market is closed (weekend). Skipping cycle.
2025-07-05 23:22:59,801 - INFO - 
Sleeping for 900 seconds until next check...
2025-07-05 23:37:59,824 - INFO - ============================================================
2025-07-05 23:37:59,835 - INFO - Starting monitoring cycle
2025-07-05 23:37:59,837 - INFO - 🔒 Forex market is closed (weekend). Skipping cycle.
2025-07-05 23:37:59,837 - INFO - 
Sleeping for 900 seconds until next check...
2025-07-05 23:52:59,856 - INFO - ============================================================
2025-07-05 23:52:59,862 - INFO - Starting monitoring cycle
2025-07-05 23:52:59,863 - INFO - 🔒 Forex market is closed (weekend). Skipping cycle.
2025-07-05 23:52:59,864 - INFO - 
Sleeping for 900 seconds until next check...
2025-07-06 00:07:59,904 - INFO - ============================================================
2025-07-06 00:07:59,910 - INFO - Starting monitoring cycle
2025-07-06 00:07:59,911 - INFO - 🔒 Forex market is closed (weekend). Skipping cycle.
2025-07-06 00:07:59,911 - INFO - 
Sleeping for 900 seconds until next check...
2025-07-06 00:22:59,937 - INFO - ============================================================
2025-07-06 00:22:59,945 - INFO - Starting monitoring cycle
2025-07-06 00:22:59,947 - INFO - 🔒 Forex market is closed (weekend). Skipping cycle.
2025-07-06 00:22:59,947 - INFO - 
Sleeping for 900 seconds until next check...
2025-07-06 00:37:59,953 - INFO - ============================================================
2025-07-06 00:37:59,962 - INFO - Starting monitoring cycle
2025-07-06 00:37:59,963 - INFO - 🔒 Forex market is closed (weekend). Skipping cycle.
2025-07-06 00:37:59,963 - INFO - 
Sleeping for 900 seconds until next check...
2025-07-06 00:52:59,942 - INFO - ============================================================
2025-07-06 00:52:59,949 - INFO - Starting monitoring cycle
2025-07-06 00:52:59,950 - INFO - 🔒 Forex market is closed (weekend). Skipping cycle.
2025-07-06 00:52:59,951 - INFO - 
Sleeping for 900 seconds until next check...
2025-07-06 01:07:59,960 - INFO - ============================================================
2025-07-06 01:07:59,972 - INFO - Starting monitoring cycle
2025-07-06 01:07:59,975 - INFO - 🔒 Forex market is closed (weekend). Skipping cycle.
2025-07-06 01:07:59,975 - INFO - 
Sleeping for 900 seconds until next check...
2025-07-06 01:22:59,991 - INFO - ============================================================
2025-07-06 01:23:00,001 - INFO - Starting monitoring cycle
2025-07-06 01:23:00,002 - INFO - 🔒 Forex market is closed (weekend). Skipping cycle.
2025-07-06 01:23:00,003 - INFO - 
Sleeping for 900 seconds until next check...
2025-07-06 01:38:00,051 - INFO - ============================================================
2025-07-06 01:38:00,058 - INFO - Starting monitoring cycle
2025-07-06 01:38:00,060 - INFO - 🔒 Forex market is closed (weekend). Skipping cycle.
2025-07-06 01:38:00,060 - INFO - 
Sleeping for 900 seconds until next check...
2025-07-06 01:53:00,077 - INFO - ============================================================
2025-07-06 01:53:00,084 - INFO - Starting monitoring cycle
2025-07-06 01:53:00,086 - INFO - 🔒 Forex market is closed (weekend). Skipping cycle.
2025-07-06 01:53:00,086 - INFO - 
Sleeping for 900 seconds until next check...
2025-07-06 02:08:00,107 - INFO - ============================================================
2025-07-06 02:08:00,113 - INFO - Starting monitoring cycle
2025-07-06 02:08:00,115 - INFO - 🔒 Forex market is closed (weekend). Skipping cycle.
2025-07-06 02:08:00,115 - INFO - 
Sleeping for 900 seconds until next check...
2025-07-06 02:23:00,135 - INFO - ============================================================
2025-07-06 02:23:00,145 - INFO - Starting monitoring cycle
2025-07-06 02:23:00,148 - INFO - 🔒 Forex market is closed (weekend). Skipping cycle.
2025-07-06 02:23:00,148 - INFO - 
Sleeping for 900 seconds until next check...
2025-07-06 02:38:00,133 - INFO - ============================================================
2025-07-06 02:38:00,140 - INFO - Starting monitoring cycle
2025-07-06 02:38:00,141 - INFO - 🔒 Forex market is closed (weekend). Skipping cycle.
2025-07-06 02:38:00,142 - INFO - 
Sleeping for 900 seconds until next check...
2025-07-06 02:53:00,182 - INFO - ============================================================
2025-07-06 02:53:00,188 - INFO - Starting monitoring cycle
2025-07-06 02:53:00,189 - INFO - 🔒 Forex market is closed (weekend). Skipping cycle.
2025-07-06 02:53:00,189 - INFO - 
Sleeping for 900 seconds until next check...
2025-07-06 03:08:00,206 - INFO - ============================================================
2025-07-06 03:08:00,213 - INFO - Starting monitoring cycle
2025-07-06 03:08:00,215 - INFO - 🔒 Forex market is closed (weekend). Skipping cycle.
2025-07-06 03:08:00,216 - INFO - 
Sleeping for 900 seconds until next check...
2025-07-06 03:23:00,273 - INFO - ============================================================
2025-07-06 03:23:00,282 - INFO - Starting monitoring cycle
2025-07-06 03:23:00,285 - INFO - 🔒 Forex market is closed (weekend). Skipping cycle.
2025-07-06 03:23:00,286 - INFO - 
Sleeping for 900 seconds until next check...
2025-07-06 03:38:00,312 - INFO - ============================================================
2025-07-06 03:38:00,318 - INFO - Starting monitoring cycle
2025-07-06 03:38:00,319 - INFO - 🔒 Forex market is closed (weekend). Skipping cycle.
2025-07-06 03:38:00,320 - INFO - 
Sleeping for 900 seconds until next check...
2025-07-06 03:53:00,345 - INFO - ============================================================
2025-07-06 03:53:00,349 - INFO - Starting monitoring cycle
2025-07-06 03:53:00,351 - INFO - 🔒 Forex market is closed (weekend). Skipping cycle.
2025-07-06 03:53:00,351 - INFO - 
Sleeping for 900 seconds until next check...
2025-07-06 04:08:00,327 - INFO - ============================================================
2025-07-06 04:08:00,332 - INFO - Starting monitoring cycle
2025-07-06 04:08:00,333 - INFO - 🔒 Forex market is closed (weekend). Skipping cycle.
2025-07-06 04:08:00,335 - INFO - 
Sleeping for 900 seconds until next check...
2025-07-06 04:23:00,349 - INFO - ============================================================
2025-07-06 04:23:00,354 - INFO - Starting monitoring cycle
2025-07-06 04:23:00,355 - INFO - 🔒 Forex market is closed (weekend). Skipping cycle.
2025-07-06 04:23:00,356 - INFO - 
Sleeping for 900 seconds until next check...
2025-07-06 04:38:00,399 - INFO - ============================================================
2025-07-06 04:38:00,404 - INFO - Starting monitoring cycle
2025-07-06 04:38:00,405 - INFO - 🔒 Forex market is closed (weekend). Skipping cycle.
2025-07-06 04:38:00,405 - INFO - 
Sleeping for 900 seconds until next check...
2025-07-06 04:53:00,429 - INFO - ============================================================
2025-07-06 04:53:00,439 - INFO - Starting monitoring cycle
2025-07-06 04:53:00,442 - INFO - 🔒 Forex market is closed (weekend). Skipping cycle.
2025-07-06 04:53:00,444 - INFO - 
Sleeping for 900 seconds until next check...
2025-07-06 05:08:00,472 - INFO - ============================================================
2025-07-06 05:08:00,482 - INFO - Starting monitoring cycle
2025-07-06 05:08:00,484 - INFO - 🔒 Forex market is closed (weekend). Skipping cycle.
2025-07-06 05:08:00,484 - INFO - 
Sleeping for 900 seconds until next check...
2025-07-06 05:23:00,507 - INFO - ============================================================
2025-07-06 05:23:00,514 - INFO - Starting monitoring cycle
2025-07-06 05:23:00,515 - INFO - 🔒 Forex market is closed (weekend). Skipping cycle.
2025-07-06 05:23:00,515 - INFO - 
Sleeping for 900 seconds until next check...
2025-07-06 05:38:00,481 - INFO - ============================================================
2025-07-06 05:38:00,488 - INFO - Starting monitoring cycle
2025-07-06 05:38:00,490 - INFO - 🔒 Forex market is closed (weekend). Skipping cycle.
2025-07-06 05:38:00,490 - INFO - 
Sleeping for 900 seconds until next check...
2025-07-06 05:53:00,518 - INFO - ============================================================
2025-07-06 05:53:00,527 - INFO - Starting monitoring cycle
2025-07-06 05:53:00,528 - INFO - 🔒 Forex market is closed (weekend). Skipping cycle.
2025-07-06 05:53:00,528 - INFO - 
Sleeping for 900 seconds until next check...
2025-07-06 06:08:00,544 - INFO - ============================================================
2025-07-06 06:08:00,552 - INFO - Starting monitoring cycle
2025-07-06 06:08:00,554 - INFO - 🔒 Forex market is closed (weekend). Skipping cycle.
2025-07-06 06:08:00,554 - INFO - 
Sleeping for 900 seconds until next check...
2025-07-06 06:23:00,603 - INFO - ============================================================
2025-07-06 06:23:00,613 - INFO - Starting monitoring cycle
2025-07-06 06:23:00,615 - INFO - 🔒 Forex market is closed (weekend). Skipping cycle.
2025-07-06 06:23:00,615 - INFO - 
Sleeping for 900 seconds until next check...
2025-07-06 06:38:00,636 - INFO - ============================================================
2025-07-06 06:38:00,643 - INFO - Starting monitoring cycle
2025-07-06 06:38:00,645 - INFO - 🔒 Forex market is closed (weekend). Skipping cycle.
2025-07-06 06:38:00,645 - INFO - 
Sleeping for 900 seconds until next check...
2025-07-06 06:53:00,653 - INFO - ============================================================
2025-07-06 06:53:00,661 - INFO - Starting monitoring cycle
2025-07-06 06:53:00,662 - INFO - 🔒 Forex market is closed (weekend). Skipping cycle.
2025-07-06 06:53:00,663 - INFO - 
Sleeping for 900 seconds until next check...
2025-07-06 07:08:00,682 - INFO - ============================================================
2025-07-06 07:08:00,688 - INFO - Starting monitoring cycle
2025-07-06 07:08:00,690 - INFO - 🔒 Forex market is closed (weekend). Skipping cycle.
2025-07-06 07:08:00,691 - INFO - 
Sleeping for 900 seconds until next check...
2025-07-06 07:23:00,702 - INFO - ============================================================
2025-07-06 07:23:00,711 - INFO - Starting monitoring cycle
2025-07-06 07:23:00,713 - INFO - 🔒 Forex market is closed (weekend). Skipping cycle.
2025-07-06 07:23:00,713 - INFO - 
Sleeping for 900 seconds until next check...
2025-07-06 07:38:00,730 - INFO - ============================================================
2025-07-06 07:38:00,742 - INFO - Starting monitoring cycle
2025-07-06 07:38:00,744 - INFO - 🔒 Forex market is closed (weekend). Skipping cycle.
2025-07-06 07:38:00,745 - INFO - 
Sleeping for 900 seconds until next check...
2025-07-06 07:53:00,763 - INFO - ============================================================
2025-07-06 07:53:00,772 - INFO - Starting monitoring cycle
2025-07-06 07:53:00,774 - INFO - 🔒 Forex market is closed (weekend). Skipping cycle.
2025-07-06 07:53:00,775 - INFO - 
Sleeping for 900 seconds until next check...
2025-07-06 08:08:00,798 - INFO - ============================================================
2025-07-06 08:08:00,807 - INFO - Starting monitoring cycle
2025-07-06 08:08:00,809 - INFO - 🔒 Forex market is closed (weekend). Skipping cycle.
2025-07-06 08:08:00,809 - INFO - 
Sleeping for 900 seconds until next check...
2025-07-06 08:23:00,826 - INFO - ============================================================
2025-07-06 08:23:00,832 - INFO - Starting monitoring cycle
2025-07-06 08:23:00,834 - INFO - 🔒 Forex market is closed (weekend). Skipping cycle.
2025-07-06 08:23:00,835 - INFO - 
Sleeping for 900 seconds until next check...
2025-07-06 08:38:00,870 - INFO - ============================================================
2025-07-06 08:38:00,875 - INFO - Starting monitoring cycle
2025-07-06 08:38:00,876 - INFO - 🔒 Forex market is closed (weekend). Skipping cycle.
2025-07-06 08:38:00,877 - INFO - 
Sleeping for 900 seconds until next check...
2025-07-06 08:53:00,888 - INFO - ============================================================
2025-07-06 08:53:00,895 - INFO - Starting monitoring cycle
2025-07-06 08:53:00,897 - INFO - 🔒 Forex market is closed (weekend). Skipping cycle.
2025-07-06 08:53:00,897 - INFO - 
Sleeping for 900 seconds until next check...
2025-07-06 09:08:00,919 - INFO - ============================================================
2025-07-06 09:08:00,925 - INFO - Starting monitoring cycle
2025-07-06 09:08:00,926 - INFO - 🔒 Forex market is closed (weekend). Skipping cycle.
2025-07-06 09:08:00,926 - INFO - 
Sleeping for 900 seconds until next check...
2025-07-06 09:23:00,958 - INFO - ============================================================
2025-07-06 09:23:00,969 - INFO - Starting monitoring cycle
2025-07-06 09:23:00,971 - INFO - 🔒 Forex market is closed (weekend). Skipping cycle.
2025-07-06 09:23:00,971 - INFO - 
Sleeping for 900 seconds until next check...
2025-07-06 09:38:00,994 - INFO - ============================================================
2025-07-06 09:38:01,004 - INFO - Starting monitoring cycle
2025-07-06 09:38:01,005 - INFO - 🔒 Forex market is closed (weekend). Skipping cycle.
2025-07-06 09:38:01,005 - INFO - 
Sleeping for 900 seconds until next check...
2025-07-06 09:53:01,036 - INFO - ============================================================
2025-07-06 09:53:01,044 - INFO - Starting monitoring cycle
2025-07-06 09:53:01,047 - INFO - 🔒 Forex market is closed (weekend). Skipping cycle.
2025-07-06 09:53:01,048 - INFO - 
Sleeping for 900 seconds until next check...
2025-07-06 10:08:01,028 - INFO - ============================================================
2025-07-06 10:08:01,038 - INFO - Starting monitoring cycle
2025-07-06 10:08:01,040 - INFO - 🔒 Forex market is closed (weekend). Skipping cycle.
2025-07-06 10:08:01,041 - INFO - 
Sleeping for 900 seconds until next check...
2025-07-06 10:23:01,054 - INFO - ============================================================
2025-07-06 10:23:01,064 - INFO - Starting monitoring cycle
2025-07-06 10:23:01,065 - INFO - 🔒 Forex market is closed (weekend). Skipping cycle.
2025-07-06 10:23:01,066 - INFO - 
Sleeping for 900 seconds until next check...
2025-07-06 10:38:01,083 - INFO - ============================================================
2025-07-06 10:38:01,094 - INFO - Starting monitoring cycle
2025-07-06 10:38:01,096 - INFO - 🔒 Forex market is closed (weekend). Skipping cycle.
2025-07-06 10:38:01,096 - INFO - 
Sleeping for 900 seconds until next check...
2025-07-06 10:53:01,123 - INFO - ============================================================
2025-07-06 10:53:01,134 - INFO - Starting monitoring cycle
2025-07-06 10:53:01,136 - INFO - 🔒 Forex market is closed (weekend). Skipping cycle.
2025-07-06 10:53:01,137 - INFO - 
Sleeping for 900 seconds until next check...
2025-07-06 11:08:01,152 - INFO - ============================================================
2025-07-06 11:08:01,159 - INFO - Starting monitoring cycle
2025-07-06 11:08:01,161 - INFO - 🔒 Forex market is closed (weekend). Skipping cycle.
2025-07-06 11:08:01,161 - INFO - 
Sleeping for 900 seconds until next check...
2025-07-06 11:23:01,184 - INFO - ============================================================
2025-07-06 11:23:01,195 - INFO - Starting monitoring cycle
2025-07-06 11:23:01,196 - INFO - 🔒 Forex market is closed (weekend). Skipping cycle.
2025-07-06 11:23:01,196 - INFO - 
Sleeping for 900 seconds until next check...
2025-07-06 11:38:01,234 - INFO - ============================================================
2025-07-06 11:38:01,242 - INFO - Starting monitoring cycle
2025-07-06 11:38:01,244 - INFO - 🔒 Forex market is closed (weekend). Skipping cycle.
2025-07-06 11:38:01,244 - INFO - 
Sleeping for 900 seconds until next check...
2025-07-06 11:53:01,264 - INFO - ============================================================
2025-07-06 11:53:01,270 - INFO - Starting monitoring cycle
2025-07-06 11:53:01,272 - INFO - 🔒 Forex market is closed (weekend). Skipping cycle.
2025-07-06 11:53:01,273 - INFO - 
Sleeping for 900 seconds until next check...
2025-07-06 12:08:01,282 - INFO - ============================================================
2025-07-06 12:08:01,288 - INFO - Starting monitoring cycle
2025-07-06 12:08:01,290 - INFO - 🔒 Forex market is closed (weekend). Skipping cycle.
2025-07-06 12:08:01,291 - INFO - 
Sleeping for 900 seconds until next check...
2025-07-06 12:23:01,310 - INFO - ============================================================
2025-07-06 12:23:01,320 - INFO - Starting monitoring cycle
2025-07-06 12:23:01,322 - INFO - 🔒 Forex market is closed (weekend). Skipping cycle.
2025-07-06 12:23:01,322 - INFO - 
Sleeping for 900 seconds until next check...
2025-07-06 12:38:01,336 - INFO - ============================================================
2025-07-06 12:38:01,341 - INFO - Starting monitoring cycle
2025-07-06 12:38:01,342 - INFO - 🔒 Forex market is closed (weekend). Skipping cycle.
2025-07-06 12:38:01,343 - INFO - 
Sleeping for 900 seconds until next check...
2025-07-06 12:53:01,342 - INFO - ============================================================
2025-07-06 12:53:01,349 - INFO - Starting monitoring cycle
2025-07-06 12:53:01,350 - INFO - 🔒 Forex market is closed (weekend). Skipping cycle.
2025-07-06 12:53:01,351 - INFO - 
Sleeping for 900 seconds until next check...
2025-07-06 13:08:01,372 - INFO - ============================================================
2025-07-06 13:08:01,380 - INFO - Starting monitoring cycle
2025-07-06 13:08:01,381 - INFO - 🔒 Forex market is closed (weekend). Skipping cycle.
2025-07-06 13:08:01,381 - INFO - 
Sleeping for 900 seconds until next check...
2025-07-06 13:23:01,377 - INFO - ============================================================
2025-07-06 13:23:01,392 - INFO - Starting monitoring cycle
2025-07-06 13:23:01,394 - INFO - 🔒 Forex market is closed (weekend). Skipping cycle.
2025-07-06 13:23:01,395 - INFO - 
Sleeping for 900 seconds until next check...
2025-07-06 13:38:01,404 - INFO - ============================================================
2025-07-06 13:38:01,410 - INFO - Starting monitoring cycle
2025-07-06 13:38:01,411 - INFO - 🔒 Forex market is closed (weekend). Skipping cycle.
2025-07-06 13:38:01,412 - INFO - 
Sleeping for 900 seconds until next check...
2025-07-06 13:53:01,488 - INFO - ============================================================
2025-07-06 13:53:01,497 - INFO - Starting monitoring cycle
2025-07-06 13:53:01,498 - INFO - 🔒 Forex market is closed (weekend). Skipping cycle.
2025-07-06 13:53:01,499 - INFO - 
Sleeping for 900 seconds until next check...
2025-07-06 14:08:01,512 - INFO - ============================================================
2025-07-06 14:08:01,517 - INFO - Starting monitoring cycle
2025-07-06 14:08:01,522 - INFO - Checking cloud monitor: https://cm8jm78grb.execute-api.us-west-2.amazonaws.com/default/dukascopy-monitor
2025-07-06 14:08:08,472 - INFO - Cloud monitor reports data up to: 2025-07-06T20:00:00+00:00
2025-07-06 14:08:08,475 - INFO - 
Processing EURUSD...
2025-07-06 14:08:10,505 - INFO - Local database has EURUSD data up to: 2025-07-04 20:59:01.069000-07:00
2025-07-06 14:08:10,506 - INFO - ✅ EURUSD needs ingestion - 41.2 market hours behind
2025-07-06 14:08:10,507 - INFO - Running command: /Users/sebastian/Projects/SPtraderB/data-ingestion/venv/bin/python /Users/sebastian/Projects/SPtraderB/data-ingestion/dukascopy_ingester.py --symbol EURUSD --start-date 2025-07-04 --end-date 2025-07-06 --db-url postgresql://postgres@localhost:5432/forex_trading
2025-07-06 14:09:09,310 - INFO - ✅ Successfully ingested EURUSD data
2025-07-06 14:09:10,321 - INFO - 
Processing USDJPY...
2025-07-06 14:09:10,614 - INFO - Local database has USDJPY data up to: 2025-07-04 20:59:00.217000-07:00
2025-07-06 14:09:10,614 - INFO - ✅ USDJPY needs ingestion - 41.2 market hours behind
2025-07-06 14:09:10,615 - INFO - Running command: /Users/sebastian/Projects/SPtraderB/data-ingestion/venv/bin/python /Users/sebastian/Projects/SPtraderB/data-ingestion/dukascopy_ingester.py --symbol USDJPY --start-date 2025-07-04 --end-date 2025-07-06 --db-url postgresql://postgres@localhost:5432/forex_trading
2025-07-06 14:10:08,487 - INFO - ✅ Successfully ingested USDJPY data
2025-07-06 14:10:09,492 - INFO - 
Monitoring cycle complete
2025-07-06 14:10:09,492 - INFO - ============================================================
2025-07-06 14:10:09,492 - INFO - 
Sleeping for 900 seconds until next check...
2025-07-06 14:25:09,506 - INFO - ============================================================
2025-07-06 14:25:09,515 - INFO - Starting monitoring cycle
2025-07-06 14:25:09,516 - INFO - Checking cloud monitor: https://cm8jm78grb.execute-api.us-west-2.amazonaws.com/default/dukascopy-monitor
2025-07-06 14:25:16,310 - INFO - Cloud monitor reports data up to: 2025-07-06T20:00:00+00:00
2025-07-06 14:25:16,313 - INFO - 
Processing EURUSD...
2025-07-06 14:25:16,649 - INFO - Local database has EURUSD data up to: 2025-07-04 20:59:01.069000-07:00
2025-07-06 14:25:16,650 - INFO - ✅ EURUSD needs ingestion - 41.4 market hours behind
2025-07-06 14:25:16,650 - INFO - Running command: /Users/sebastian/Projects/SPtraderB/data-ingestion/venv/bin/python /Users/sebastian/Projects/SPtraderB/data-ingestion/dukascopy_ingester.py --symbol EURUSD --start-date 2025-07-04 --end-date 2025-07-06 --db-url postgresql://postgres@localhost:5432/forex_trading
2025-07-06 14:26:11,957 - INFO - ✅ Successfully ingested EURUSD data
2025-07-06 14:26:12,963 - INFO - 
Processing USDJPY...
2025-07-06 14:26:13,264 - INFO - Local database has USDJPY data up to: 2025-07-04 20:59:00.217000-07:00
2025-07-06 14:26:13,264 - INFO - ✅ USDJPY needs ingestion - 41.5 market hours behind
2025-07-06 14:26:13,267 - INFO - Running command: /Users/sebastian/Projects/SPtraderB/data-ingestion/venv/bin/python /Users/sebastian/Projects/SPtraderB/data-ingestion/dukascopy_ingester.py --symbol USDJPY --start-date 2025-07-04 --end-date 2025-07-06 --db-url postgresql://postgres@localhost:5432/forex_trading
2025-07-06 14:27:10,100 - INFO - ✅ Successfully ingested USDJPY data
2025-07-06 14:27:11,112 - INFO - 
Monitoring cycle complete
2025-07-06 14:27:11,112 - INFO - ============================================================
2025-07-06 14:27:11,113 - INFO - 
Sleeping for 900 seconds until next check...
2025-07-06 14:42:11,146 - INFO - ============================================================
2025-07-06 14:42:11,159 - INFO - Starting monitoring cycle
2025-07-06 14:42:11,161 - INFO - Checking cloud monitor: https://cm8jm78grb.execute-api.us-west-2.amazonaws.com/default/dukascopy-monitor
2025-07-06 14:42:17,933 - INFO - Cloud monitor reports data up to: 2025-07-06T20:00:00+00:00
2025-07-06 14:42:17,938 - INFO - 
Processing EURUSD...
2025-07-06 14:42:18,325 - INFO - Local database has EURUSD data up to: 2025-07-04 20:59:01.069000-07:00
2025-07-06 14:42:18,325 - INFO - ✅ EURUSD needs ingestion - 41.7 market hours behind
2025-07-06 14:42:18,326 - INFO - Running command: /Users/sebastian/Projects/SPtraderB/data-ingestion/venv/bin/python /Users/sebastian/Projects/SPtraderB/data-ingestion/dukascopy_ingester.py --symbol EURUSD --start-date 2025-07-04 --end-date 2025-07-06 --db-url postgresql://postgres@localhost:5432/forex_trading
2025-07-06 14:43:13,564 - INFO - ✅ Successfully ingested EURUSD data
2025-07-06 14:43:14,571 - INFO - 
Processing USDJPY...
2025-07-06 14:43:14,836 - INFO - Local database has USDJPY data up to: 2025-07-04 20:59:00.217000-07:00
2025-07-06 14:43:14,836 - INFO - ✅ USDJPY needs ingestion - 41.7 market hours behind
2025-07-06 14:43:14,837 - INFO - Running command: /Users/sebastian/Projects/SPtraderB/data-ingestion/venv/bin/python /Users/sebastian/Projects/SPtraderB/data-ingestion/dukascopy_ingester.py --symbol USDJPY --start-date 2025-07-04 --end-date 2025-07-06 --db-url postgresql://postgres@localhost:5432/forex_trading
2025-07-06 14:44:11,593 - INFO - ✅ Successfully ingested USDJPY data
2025-07-06 14:44:12,605 - INFO - 
Monitoring cycle complete
2025-07-06 14:44:12,606 - INFO - ============================================================
2025-07-06 14:44:12,606 - INFO - 
Sleeping for 900 seconds until next check...
2025-07-06 14:59:12,621 - INFO - ============================================================
2025-07-06 14:59:12,626 - INFO - Starting monitoring cycle
2025-07-06 14:59:12,627 - INFO - Checking cloud monitor: https://cm8jm78grb.execute-api.us-west-2.amazonaws.com/default/dukascopy-monitor
2025-07-06 14:59:19,455 - INFO - Cloud monitor reports data up to: 2025-07-06T20:00:00+00:00
2025-07-06 14:59:19,458 - INFO - 
Processing EURUSD...
2025-07-06 14:59:19,910 - INFO - Local database has EURUSD data up to: 2025-07-04 20:59:01.069000-07:00
2025-07-06 14:59:19,910 - INFO - ✅ EURUSD needs ingestion - 42.0 market hours behind
2025-07-06 14:59:19,911 - INFO - Running command: /Users/sebastian/Projects/SPtraderB/data-ingestion/venv/bin/python /Users/sebastian/Projects/SPtraderB/data-ingestion/dukascopy_ingester.py --symbol EURUSD --start-date 2025-07-04 --end-date 2025-07-06 --db-url postgresql://postgres@localhost:5432/forex_trading
2025-07-06 15:00:16,549 - INFO - ✅ Successfully ingested EURUSD data
2025-07-06 15:00:17,560 - INFO - 
Processing USDJPY...
2025-07-06 15:00:17,857 - INFO - Local database has USDJPY data up to: 2025-07-04 20:59:00.217000-07:00
2025-07-06 15:00:17,857 - INFO - ✅ USDJPY needs ingestion - 42.0 market hours behind
2025-07-06 15:00:17,860 - INFO - Running command: /Users/sebastian/Projects/SPtraderB/data-ingestion/venv/bin/python /Users/sebastian/Projects/SPtraderB/data-ingestion/dukascopy_ingester.py --symbol USDJPY --start-date 2025-07-04 --end-date 2025-07-06 --db-url postgresql://postgres@localhost:5432/forex_trading
2025-07-06 15:01:14,701 - INFO - ✅ Successfully ingested USDJPY data
2025-07-06 15:01:15,712 - INFO - 
Monitoring cycle complete
2025-07-06 15:01:15,712 - INFO - ============================================================
2025-07-06 15:01:15,713 - INFO - 
Sleeping for 900 seconds until next check...
2025-07-06 15:16:15,739 - INFO - ============================================================
2025-07-06 15:16:15,750 - INFO - Starting monitoring cycle
2025-07-06 15:16:15,753 - INFO - Checking cloud monitor: https://cm8jm78grb.execute-api.us-west-2.amazonaws.com/default/dukascopy-monitor
2025-07-06 15:16:22,566 - INFO - Cloud monitor reports data up to: 2025-07-06T21:00:00+00:00
2025-07-06 15:16:22,569 - INFO - 
Processing EURUSD...
2025-07-06 15:16:22,985 - INFO - Local database has EURUSD data up to: 2025-07-04 20:59:01.069000-07:00
2025-07-06 15:16:22,986 - INFO - ✅ EURUSD needs ingestion - 42.3 market hours behind
2025-07-06 15:16:22,987 - INFO - Running command: /Users/sebastian/Projects/SPtraderB/data-ingestion/venv/bin/python /Users/sebastian/Projects/SPtraderB/data-ingestion/dukascopy_ingester.py --symbol EURUSD --start-date 2025-07-04 --end-date 2025-07-06 --db-url postgresql://postgres@localhost:5432/forex_trading
2025-07-06 15:17:19,061 - INFO - ✅ Successfully ingested EURUSD data
2025-07-06 15:17:20,067 - INFO - 
Processing USDJPY...
2025-07-06 15:17:20,376 - INFO - Local database has USDJPY data up to: 2025-07-06 21:59:56.820000-07:00
2025-07-06 15:17:20,377 - INFO - ✔️ USDJPY is up to date
2025-07-06 15:17:21,379 - INFO - 
Monitoring cycle complete
2025-07-06 15:17:21,380 - INFO - ============================================================
2025-07-06 15:17:21,381 - INFO - 
Sleeping for 900 seconds until next check...
2025-07-06 15:32:21,388 - INFO - ============================================================
2025-07-06 15:32:21,395 - INFO - Starting monitoring cycle
2025-07-06 15:32:21,396 - INFO - Checking cloud monitor: https://cm8jm78grb.execute-api.us-west-2.amazonaws.com/default/dukascopy-monitor
2025-07-06 15:32:28,410 - INFO - Cloud monitor reports data up to: 2025-07-06T21:00:00+00:00
2025-07-06 15:32:28,413 - INFO - 
Processing EURUSD...
2025-07-06 15:32:28,746 - INFO - Local database has EURUSD data up to: 2025-07-06 21:59:50.291000-07:00
2025-07-06 15:32:28,746 - INFO - ✔️ EURUSD is up to date
2025-07-06 15:32:29,749 - INFO - 
Processing USDJPY...
2025-07-06 15:32:30,005 - INFO - Local database has USDJPY data up to: 2025-07-06 21:59:56.820000-07:00
2025-07-06 15:32:30,006 - INFO - ✔️ USDJPY is up to date
2025-07-06 15:32:31,009 - INFO - 
Monitoring cycle complete
2025-07-06 15:32:31,009 - INFO - ============================================================
2025-07-06 15:32:31,010 - INFO - 
Sleeping for 900 seconds until next check...
2025-07-06 15:47:31,016 - INFO - ============================================================
2025-07-06 15:47:31,019 - INFO - Starting monitoring cycle
2025-07-06 15:47:31,019 - INFO - Checking cloud monitor: https://cm8jm78grb.execute-api.us-west-2.amazonaws.com/default/dukascopy-monitor
2025-07-06 15:47:38,514 - INFO - Cloud monitor reports data up to: 2025-07-06T21:00:00+00:00
2025-07-06 15:47:38,516 - INFO - 
Processing EURUSD...
2025-07-06 15:47:38,828 - INFO - Local database has EURUSD data up to: 2025-07-06 21:59:50.291000-07:00
2025-07-06 15:47:38,829 - INFO - ✔️ EURUSD is up to date
2025-07-06 15:47:39,830 - INFO - 
Processing USDJPY...
2025-07-06 15:47:40,113 - INFO - Local database has USDJPY data up to: 2025-07-06 21:59:56.820000-07:00
2025-07-06 15:47:40,114 - INFO - ✔️ USDJPY is up to date
2025-07-06 15:47:41,117 - INFO - 
Monitoring cycle complete
2025-07-06 15:47:41,118 - INFO - ============================================================
2025-07-06 15:47:41,118 - INFO - 
Sleeping for 900 seconds until next check...
2025-07-06 16:02:41,103 - INFO - ============================================================
2025-07-06 16:02:41,109 - INFO - Starting monitoring cycle
2025-07-06 16:02:41,110 - INFO - Checking cloud monitor: https://cm8jm78grb.execute-api.us-west-2.amazonaws.com/default/dukascopy-monitor
2025-07-06 16:02:48,019 - INFO - Cloud monitor reports data up to: 2025-07-06T22:00:00+00:00
2025-07-06 16:02:48,023 - INFO - 
Processing EURUSD...
2025-07-06 16:02:48,458 - INFO - Local database has EURUSD data up to: 2025-07-06 21:59:50.291000-07:00
2025-07-06 16:02:48,460 - INFO - ✔️ EURUSD is up to date
2025-07-06 16:02:49,465 - INFO - 
Processing USDJPY...
2025-07-06 16:02:49,718 - INFO - Local database has USDJPY data up to: 2025-07-06 21:59:56.820000-07:00
2025-07-06 16:02:49,719 - INFO - ✔️ USDJPY is up to date
2025-07-06 16:02:50,719 - INFO - 
Monitoring cycle complete
2025-07-06 16:02:50,720 - INFO - ============================================================
2025-07-06 16:02:50,720 - INFO - 
Sleeping for 900 seconds until next check...
2025-07-06 16:17:50,719 - INFO - ============================================================
2025-07-06 16:17:50,724 - INFO - Starting monitoring cycle
2025-07-06 16:17:50,725 - INFO - Checking cloud monitor: https://cm8jm78grb.execute-api.us-west-2.amazonaws.com/default/dukascopy-monitor
2025-07-06 16:17:57,577 - INFO - Cloud monitor reports data up to: 2025-07-06T22:00:00+00:00
2025-07-06 16:17:57,580 - INFO - 
Processing EURUSD...
2025-07-06 16:17:57,962 - INFO - Local database has EURUSD data up to: 2025-07-06 21:59:50.291000-07:00
2025-07-06 16:17:57,962 - INFO - ✔️ EURUSD is up to date
2025-07-06 16:17:58,967 - INFO - 
Processing USDJPY...
2025-07-06 16:17:59,224 - INFO - Local database has USDJPY data up to: 2025-07-06 21:59:56.820000-07:00
2025-07-06 16:17:59,225 - INFO - ✔️ USDJPY is up to date
2025-07-06 16:18:00,225 - INFO - 
Monitoring cycle complete
2025-07-06 16:18:00,225 - INFO - ============================================================
2025-07-06 16:18:00,225 - INFO - 
Sleeping for 900 seconds until next check...
2025-07-06 16:33:00,235 - INFO - ============================================================
2025-07-06 16:33:00,245 - INFO - Starting monitoring cycle
2025-07-06 16:33:00,249 - INFO - Checking cloud monitor: https://cm8jm78grb.execute-api.us-west-2.amazonaws.com/default/dukascopy-monitor
2025-07-06 16:33:07,137 - INFO - Cloud monitor reports data up to: 2025-07-06T22:00:00+00:00
2025-07-06 16:33:07,141 - INFO - 
Processing EURUSD...
2025-07-06 16:33:07,604 - INFO - Local database has EURUSD data up to: 2025-07-06 21:59:50.291000-07:00
2025-07-06 16:33:07,605 - INFO - ✔️ EURUSD is up to date
2025-07-06 16:33:08,610 - INFO - 
Processing USDJPY...
2025-07-06 16:33:08,879 - INFO - Local database has USDJPY data up to: 2025-07-06 21:59:56.820000-07:00
2025-07-06 16:33:08,879 - INFO - ✔️ USDJPY is up to date
2025-07-06 16:33:09,883 - INFO - 
Monitoring cycle complete
2025-07-06 16:33:09,883 - INFO - ============================================================
2025-07-06 16:33:09,884 - INFO - 
Sleeping for 900 seconds until next check...
2025-07-06 16:48:09,882 - INFO - ============================================================
2025-07-06 16:48:09,885 - INFO - Starting monitoring cycle
2025-07-06 16:48:09,885 - INFO - Checking cloud monitor: https://cm8jm78grb.execute-api.us-west-2.amazonaws.com/default/dukascopy-monitor
2025-07-06 16:48:16,740 - INFO - Cloud monitor reports data up to: 2025-07-06T22:00:00+00:00
2025-07-06 16:48:16,744 - INFO - 
Processing EURUSD...
2025-07-06 16:48:17,108 - INFO - Local database has EURUSD data up to: 2025-07-06 21:59:50.291000-07:00
2025-07-06 16:48:17,108 - INFO - ✔️ EURUSD is up to date
2025-07-06 16:48:18,110 - INFO - 
Processing USDJPY...
2025-07-06 16:48:18,367 - INFO - Local database has USDJPY data up to: 2025-07-06 21:59:56.820000-07:00
2025-07-06 16:48:18,367 - INFO - ✔️ USDJPY is up to date
2025-07-06 16:48:19,372 - INFO - 
Monitoring cycle complete
2025-07-06 16:48:19,373 - INFO - ============================================================
2025-07-06 16:48:19,373 - INFO - 
Sleeping for 900 seconds until next check...
2025-07-06 17:03:19,344 - INFO - ============================================================
2025-07-06 17:03:19,353 - INFO - Starting monitoring cycle
2025-07-06 17:03:19,354 - INFO - Checking cloud monitor: https://cm8jm78grb.execute-api.us-west-2.amazonaws.com/default/dukascopy-monitor
2025-07-06 17:03:26,269 - INFO - Cloud monitor reports data up to: 2025-07-06T23:00:00+00:00
2025-07-06 17:03:26,272 - INFO - 
Processing EURUSD...
2025-07-06 17:03:26,775 - INFO - Local database has EURUSD data up to: 2025-07-06 21:59:50.291000-07:00
2025-07-06 17:03:26,776 - INFO - ✔️ EURUSD is up to date
2025-07-06 17:03:27,778 - INFO - 
Processing USDJPY...
2025-07-06 17:03:28,032 - INFO - Local database has USDJPY data up to: 2025-07-06 21:59:56.820000-07:00
2025-07-06 17:03:28,033 - INFO - ✔️ USDJPY is up to date
2025-07-06 17:03:29,036 - INFO - 
Monitoring cycle complete
2025-07-06 17:03:29,037 - INFO - ============================================================
2025-07-06 17:03:29,038 - INFO - 
Sleeping for 900 seconds until next check...
2025-07-06 17:18:29,039 - INFO - ============================================================
2025-07-06 17:18:29,052 - INFO - Starting monitoring cycle
2025-07-06 17:18:29,054 - INFO - Checking cloud monitor: https://cm8jm78grb.execute-api.us-west-2.amazonaws.com/default/dukascopy-monitor
2025-07-06 17:18:35,952 - INFO - Cloud monitor reports data up to: 2025-07-06T23:00:00+00:00
2025-07-06 17:18:35,956 - INFO - 
Processing EURUSD...
2025-07-06 17:18:36,764 - INFO - Local database has EURUSD data up to: 2025-07-06 21:59:50.291000-07:00
2025-07-06 17:18:36,764 - INFO - ✔️ EURUSD is up to date
2025-07-06 17:18:37,765 - INFO - 
Processing USDJPY...
2025-07-06 17:18:38,017 - INFO - Local database has USDJPY data up to: 2025-07-06 21:59:56.820000-07:00
2025-07-06 17:18:38,018 - INFO - ✔️ USDJPY is up to date
2025-07-06 17:18:39,018 - INFO - 
Monitoring cycle complete
2025-07-06 17:18:39,018 - INFO - ============================================================
2025-07-06 17:18:39,019 - INFO - 
Sleeping for 900 seconds until next check...
2025-07-06 17:33:39,077 - INFO - ============================================================
2025-07-06 17:33:39,082 - INFO - Starting monitoring cycle
2025-07-06 17:33:39,084 - INFO - Checking cloud monitor: https://cm8jm78grb.execute-api.us-west-2.amazonaws.com/default/dukascopy-monitor
2025-07-06 17:33:46,403 - INFO - Cloud monitor reports data up to: 2025-07-06T23:00:00+00:00
2025-07-06 17:33:46,406 - INFO - 
Processing EURUSD...
2025-07-06 17:33:46,728 - INFO - Local database has EURUSD data up to: 2025-07-06 21:59:50.291000-07:00
2025-07-06 17:33:46,728 - INFO - ✔️ EURUSD is up to date
2025-07-06 17:33:47,730 - INFO - 
Processing USDJPY...
2025-07-06 17:33:47,980 - INFO - Local database has USDJPY data up to: 2025-07-06 21:59:56.820000-07:00
2025-07-06 17:33:47,980 - INFO - ✔️ USDJPY is up to date
2025-07-06 17:33:48,985 - INFO - 
Monitoring cycle complete
2025-07-06 17:33:48,986 - INFO - ============================================================
2025-07-06 17:33:48,986 - INFO - 
Sleeping for 900 seconds until next check...
2025-07-06 17:48:49,019 - INFO - ============================================================
2025-07-06 17:48:49,026 - INFO - Starting monitoring cycle
2025-07-06 17:48:49,026 - INFO - Checking cloud monitor: https://cm8jm78grb.execute-api.us-west-2.amazonaws.com/default/dukascopy-monitor
2025-07-06 17:48:56,090 - INFO - Cloud monitor reports data up to: 2025-07-06T23:00:00+00:00
2025-07-06 17:48:56,093 - INFO - 
Processing EURUSD...
2025-07-06 17:48:56,441 - INFO - Local database has EURUSD data up to: 2025-07-06 21:59:50.291000-07:00
2025-07-06 17:48:56,443 - INFO - ✔️ EURUSD is up to date
2025-07-06 17:48:57,447 - INFO - 
Processing USDJPY...
2025-07-06 17:48:57,731 - INFO - Local database has USDJPY data up to: 2025-07-06 21:59:56.820000-07:00
2025-07-06 17:48:57,732 - INFO - ✔️ USDJPY is up to date
2025-07-06 17:48:58,735 - INFO - 
Monitoring cycle complete
2025-07-06 17:48:58,736 - INFO - ============================================================
2025-07-06 17:48:58,736 - INFO - 
Sleeping for 900 seconds until next check...
2025-07-06 18:03:58,753 - INFO - ============================================================
2025-07-06 18:03:58,760 - INFO - Starting monitoring cycle
2025-07-06 18:03:58,762 - INFO - Checking cloud monitor: https://cm8jm78grb.execute-api.us-west-2.amazonaws.com/default/dukascopy-monitor
2025-07-06 18:04:05,823 - INFO - Cloud monitor reports data up to: 2025-07-07T00:00:00+00:00
2025-07-06 18:04:05,827 - INFO - 
Processing EURUSD...
2025-07-06 18:04:06,162 - INFO - Local database has EURUSD data up to: 2025-07-06 21:59:50.291000-07:00
2025-07-06 18:04:06,162 - INFO - ✔️ EURUSD is up to date
2025-07-06 18:04:07,165 - INFO - 
Processing USDJPY...
2025-07-06 18:04:07,428 - INFO - Local database has USDJPY data up to: 2025-07-06 21:59:56.820000-07:00
2025-07-06 18:04:07,428 - INFO - ✔️ USDJPY is up to date
2025-07-06 18:04:08,433 - INFO - 
Monitoring cycle complete
2025-07-06 18:04:08,433 - INFO - ============================================================
2025-07-06 18:04:08,433 - INFO - 
Sleeping for 900 seconds until next check...
2025-07-06 18:19:08,417 - INFO - ============================================================
2025-07-06 18:19:08,423 - INFO - Starting monitoring cycle
2025-07-06 18:19:08,424 - INFO - Checking cloud monitor: https://cm8jm78grb.execute-api.us-west-2.amazonaws.com/default/dukascopy-monitor
2025-07-06 18:19:15,231 - INFO - Cloud monitor reports data up to: 2025-07-07T00:00:00+00:00
2025-07-06 18:19:15,234 - INFO - 
Processing EURUSD...
2025-07-06 18:19:15,807 - INFO - Local database has EURUSD data up to: 2025-07-06 21:59:50.291000-07:00
2025-07-06 18:19:15,808 - INFO - ✔️ EURUSD is up to date
2025-07-06 18:19:16,809 - INFO - 
Processing USDJPY...
2025-07-06 18:19:17,082 - INFO - Local database has USDJPY data up to: 2025-07-06 21:59:56.820000-07:00
2025-07-06 18:19:17,083 - INFO - ✔️ USDJPY is up to date
2025-07-06 18:19:18,087 - INFO - 
Monitoring cycle complete
2025-07-06 18:19:18,087 - INFO - ============================================================
2025-07-06 18:19:18,087 - INFO - 
Sleeping for 900 seconds until next check...
2025-07-06 18:34:18,075 - INFO - ============================================================
2025-07-06 18:34:18,077 - INFO - Starting monitoring cycle
2025-07-06 18:34:18,078 - INFO - Checking cloud monitor: https://cm8jm78grb.execute-api.us-west-2.amazonaws.com/default/dukascopy-monitor
2025-07-06 18:34:25,022 - INFO - Cloud monitor reports data up to: 2025-07-07T00:00:00+00:00
2025-07-06 18:34:25,026 - INFO - 
Processing EURUSD...
2025-07-06 18:34:25,356 - INFO - Local database has EURUSD data up to: 2025-07-06 21:59:50.291000-07:00
2025-07-06 18:34:25,356 - INFO - ✔️ EURUSD is up to date
2025-07-06 18:34:26,357 - INFO - 
Processing USDJPY...
2025-07-06 18:34:26,621 - INFO - Local database has USDJPY data up to: 2025-07-06 21:59:56.820000-07:00
2025-07-06 18:34:26,621 - INFO - ✔️ USDJPY is up to date
2025-07-06 18:34:27,631 - INFO - 
Monitoring cycle complete
2025-07-06 18:34:27,632 - INFO - ============================================================
2025-07-06 18:34:27,632 - INFO - 
Sleeping for 900 seconds until next check...
2025-07-06 18:49:27,646 - INFO - ============================================================
2025-07-06 18:49:27,652 - INFO - Starting monitoring cycle
2025-07-06 18:49:27,654 - INFO - Checking cloud monitor: https://cm8jm78grb.execute-api.us-west-2.amazonaws.com/default/dukascopy-monitor
2025-07-06 18:49:34,516 - INFO - Cloud monitor reports data up to: 2025-07-07T00:00:00+00:00
2025-07-06 18:49:34,519 - INFO - 
Processing EURUSD...
2025-07-06 18:49:34,994 - INFO - Local database has EURUSD data up to: 2025-07-06 21:59:50.291000-07:00
2025-07-06 18:49:34,995 - INFO - ✔️ EURUSD is up to date
2025-07-06 18:49:35,997 - INFO - 
Processing USDJPY...
2025-07-06 18:49:36,262 - INFO - Local database has USDJPY data up to: 2025-07-06 21:59:56.820000-07:00
2025-07-06 18:49:36,263 - INFO - ✔️ USDJPY is up to date
2025-07-06 18:49:37,267 - INFO - 
Monitoring cycle complete
2025-07-06 18:49:37,267 - INFO - ============================================================
2025-07-06 18:49:37,268 - INFO - 
Sleeping for 900 seconds until next check...
2025-07-06 19:04:37,315 - INFO - ============================================================
2025-07-06 19:04:37,321 - INFO - Starting monitoring cycle
2025-07-06 19:04:37,322 - INFO - Checking cloud monitor: https://cm8jm78grb.execute-api.us-west-2.amazonaws.com/default/dukascopy-monitor
2025-07-06 19:04:44,298 - INFO - Cloud monitor reports data up to: 2025-07-07T01:00:00+00:00
2025-07-06 19:04:44,301 - INFO - 
Processing EURUSD...
2025-07-06 19:04:44,645 - INFO - Local database has EURUSD data up to: 2025-07-06 21:59:50.291000-07:00
2025-07-06 19:04:44,645 - INFO - ✔️ EURUSD is up to date
2025-07-06 19:04:45,646 - INFO - 
Processing USDJPY...
2025-07-06 19:04:45,903 - INFO - Local database has USDJPY data up to: 2025-07-06 21:59:56.820000-07:00
2025-07-06 19:04:45,903 - INFO - ✔️ USDJPY is up to date
2025-07-06 19:04:46,907 - INFO - 
Monitoring cycle complete
2025-07-06 19:04:46,908 - INFO - ============================================================
2025-07-06 19:04:46,908 - INFO - 
Sleeping for 900 seconds until next check...
2025-07-06 19:19:46,938 - INFO - ============================================================
2025-07-06 19:19:46,941 - INFO - Starting monitoring cycle
2025-07-06 19:19:46,941 - INFO - Checking cloud monitor: https://cm8jm78grb.execute-api.us-west-2.amazonaws.com/default/dukascopy-monitor
2025-07-06 19:19:53,842 - INFO - Cloud monitor reports data up to: 2025-07-07T01:00:00+00:00
2025-07-06 19:19:53,845 - INFO - 
Processing EURUSD...
2025-07-06 19:19:54,188 - INFO - Local database has EURUSD data up to: 2025-07-06 21:59:50.291000-07:00
2025-07-06 19:19:54,188 - INFO - ✔️ EURUSD is up to date
2025-07-06 19:19:55,189 - INFO - 
Processing USDJPY...
2025-07-06 19:19:55,464 - INFO - Local database has USDJPY data up to: 2025-07-06 21:59:56.820000-07:00
2025-07-06 19:19:55,466 - INFO - ✔️ USDJPY is up to date
2025-07-06 19:19:56,468 - INFO - 
Monitoring cycle complete
2025-07-06 19:19:56,468 - INFO - ============================================================
2025-07-06 19:19:56,468 - INFO - 
Sleeping for 900 seconds until next check...
2025-07-06 19:34:56,479 - INFO - ============================================================
2025-07-06 19:34:56,482 - INFO - Starting monitoring cycle
2025-07-06 19:34:56,482 - INFO - Checking cloud monitor: https://cm8jm78grb.execute-api.us-west-2.amazonaws.com/default/dukascopy-monitor
2025-07-06 19:35:03,363 - INFO - Cloud monitor reports data up to: 2025-07-07T01:00:00+00:00
2025-07-06 19:35:03,367 - INFO - 
Processing EURUSD...
2025-07-06 19:35:03,674 - INFO - Local database has EURUSD data up to: 2025-07-06 21:59:50.291000-07:00
2025-07-06 19:35:03,675 - INFO - ✔️ EURUSD is up to date
2025-07-06 19:35:04,681 - INFO - 
Processing USDJPY...
2025-07-06 19:35:04,936 - INFO - Local database has USDJPY data up to: 2025-07-06 21:59:56.820000-07:00
2025-07-06 19:35:04,936 - INFO - ✔️ USDJPY is up to date
2025-07-06 19:35:05,942 - INFO - 
Monitoring cycle complete
2025-07-06 19:35:05,943 - INFO - ============================================================
2025-07-06 19:35:05,943 - INFO - 
Sleeping for 900 seconds until next check...
2025-07-06 19:50:05,961 - INFO - ============================================================
2025-07-06 19:50:05,969 - INFO - Starting monitoring cycle
2025-07-06 19:50:05,971 - INFO - Checking cloud monitor: https://cm8jm78grb.execute-api.us-west-2.amazonaws.com/default/dukascopy-monitor
2025-07-06 19:50:13,337 - INFO - Cloud monitor reports data up to: 2025-07-07T01:00:00+00:00
2025-07-06 19:50:13,340 - INFO - 
Processing EURUSD...
2025-07-06 19:50:13,668 - INFO - Local database has EURUSD data up to: 2025-07-06 21:59:50.291000-07:00
2025-07-06 19:50:13,668 - INFO - ✔️ EURUSD is up to date
2025-07-06 19:50:14,678 - INFO - 
Processing USDJPY...
2025-07-06 19:50:14,938 - INFO - Local database has USDJPY data up to: 2025-07-06 21:59:56.820000-07:00
2025-07-06 19:50:14,939 - INFO - ✔️ USDJPY is up to date
2025-07-06 19:50:15,941 - INFO - 
Monitoring cycle complete
2025-07-06 19:50:15,941 - INFO - ============================================================
2025-07-06 19:50:15,942 - INFO - 
Sleeping for 900 seconds until next check...
2025-07-06 20:05:15,909 - INFO - ============================================================
2025-07-06 20:05:15,916 - INFO - Starting monitoring cycle
2025-07-06 20:05:15,917 - INFO - Checking cloud monitor: https://cm8jm78grb.execute-api.us-west-2.amazonaws.com/default/dukascopy-monitor
2025-07-06 20:05:22,859 - INFO - Cloud monitor reports data up to: 2025-07-07T02:00:00+00:00
2025-07-06 20:05:22,860 - INFO - 
Processing EURUSD...
2025-07-06 20:05:23,161 - INFO - Local database has EURUSD data up to: 2025-07-06 21:59:50.291000-07:00
2025-07-06 20:05:23,161 - INFO - ✔️ EURUSD is up to date
2025-07-06 20:05:24,162 - INFO - 
Processing USDJPY...
2025-07-06 20:05:24,424 - INFO - Local database has USDJPY data up to: 2025-07-06 21:59:56.820000-07:00
2025-07-06 20:05:24,424 - INFO - ✔️ USDJPY is up to date
2025-07-06 20:05:25,428 - INFO - 
Monitoring cycle complete
2025-07-06 20:05:25,428 - INFO - ============================================================
2025-07-06 20:05:25,429 - INFO - 
Sleeping for 900 seconds until next check...
2025-07-06 20:20:25,479 - INFO - ============================================================
2025-07-06 20:20:25,487 - INFO - Starting monitoring cycle
2025-07-06 20:20:25,491 - INFO - Checking cloud monitor: https://cm8jm78grb.execute-api.us-west-2.amazonaws.com/default/dukascopy-monitor
2025-07-06 20:20:32,232 - INFO - Cloud monitor reports data up to: 2025-07-07T02:00:00+00:00
2025-07-06 20:20:32,234 - INFO - 
Processing EURUSD...
2025-07-06 20:20:32,645 - INFO - Local database has EURUSD data up to: 2025-07-06 21:59:50.291000-07:00
2025-07-06 20:20:32,645 - INFO - ✔️ EURUSD is up to date
2025-07-06 20:20:33,647 - INFO - 
Processing USDJPY...
2025-07-06 20:20:33,907 - INFO - Local database has USDJPY data up to: 2025-07-06 21:59:56.820000-07:00
2025-07-06 20:20:33,908 - INFO - ✔️ USDJPY is up to date
2025-07-06 20:20:34,913 - INFO - 
Monitoring cycle complete
2025-07-06 20:20:34,914 - INFO - ============================================================
2025-07-06 20:20:34,914 - INFO - 
Sleeping for 900 seconds until next check...
